<?xml version="1.0" encoding="UTF-8"?>
<testsuite name="GameTest" tests="11" skipped="0" failures="0" errors="0" timestamp="2021-04-07T16:49:00" hostname="hscli-Aspire-E5-572G" time="0.105">
  <properties/>
  <testcase name="[1] rock, rock, Draw!" classname="GameTest" time="0.061"/>
  <testcase name="[2] paper, paper, Draw!" classname="GameTest" time="0.002"/>
  <testcase name="[3] scissors, scissors, Draw!" classname="GameTest" time="0.002"/>
  <testcase name="[4] paper, scissors, Player 2 win!" classname="GameTest" time="0.002"/>
  <testcase name="[5] paper, rock, Player 1 win!" classname="GameTest" time="0.002"/>
  <testcase name="[6] rock, scissors, Player 1 win!" classname="GameTest" time="0.001"/>
  <testcase name="[7] rock, paper, Player 2 win!" classname="GameTest" time="0.001"/>
  <testcase name="[8] scissors, paper, Player 1 win!" classname="GameTest" time="0.001"/>
  <testcase name="[9] scissors, rock, Player 2 win!" classname="GameTest" time="0.002"/>
  <testcase name="InputTestNotThrow()" classname="GameTest" time="0.004"/>
  <testcase name="InputTestThrow()" classname="GameTest" time="0.002"/>
  <system-out><![CDATA[]]></system-out>
  <system-err><![CDATA[]]></system-err>
</testsuite>
